INFO - Log de condiciones convertidas a formato pandas
INFO - Inicio del proceso de validación de datos.
INFO - Se encontraron 1067 condiciones.
ERROR - P01D22 esta en (3,4,5,6,7,98) y P01D23A esta en (1,2): name 'P01D22' is not defined. Error de AR
ERROR - P01D22 esta en (1,2) y P01D23A no esta en (1,2): name 'P01D22' is not defined. Error de AR
ERROR - P01D22 está en (3,4,5,6,7,98) y P01D24 no esta en (1,2): name 'P01D22' is not defined. Error de AR
ERROR - P01D24 no está en (1,2): name 'P01D24' is not defined. Error de AR
ERROR - P01D28 no está en (1,2): name 'P01D28' is not defined. Error de AR
ERROR - P01G01 no esta en (1,2,3,4): name 'P01G01' is not defined. Error de CP
ERROR - P01H01 no esta en (1,2,9,99): name 'P01H01' is not defined. Error de CP
ERROR - P01H02 no esta en (1,2,9,99): name 'P01H02' is not defined. Error de CP
ERROR - P01H03 no esta en (1,2,9,99): name 'P01H03' is not defined. Error de CP
ERROR - P01H04 no esta en (1,2,9,99): name 'P01H04' is not defined. Error de CP
ERROR - P01H05 no esta en (1,2,9,99): name 'P01H05' is not defined. Error de CP
ERROR - P01H06 no esta en (1,2,9,99): name 'P01H06' is not defined. Error de CP
ERROR - P01H07 no esta en (1,2,9,99): name 'P01H07' is not defined. Error de CP
ERROR - P01H08 no esta en (1,2,9,99): name 'P01H08' is not defined. Error de CP
ERROR - P01H09 no esta en (1,2): name 'P01H09' is not defined. Error de CP
ERROR - P01I01A no esta en (1,2): name 'P01I01A' is not defined. Error de CP
ERROR - P01I01A = 1 y P01I02 no esta en (1,2): name 'P01I02' is not defined. Error de CP
ERROR - P01I01A = 1 y P01I04 no esta en (2018,2019,2020,2021,2022,2023,0): name 'P01I04' is not defined. Error de CP
ERROR - P01J01A no esta en (1,2): name 'P01J01A' is not defined. Error de CP
ERROR - P01J01B no esta en (1,2): name 'P01J01B' is not defined. Error de CP
ERROR - P01J01C no esta en (1,2): name 'P01J01C' is not defined. Error de CP
ERROR - P01J01D no esta en (1,2): name 'P01J01D' is not defined. Error de CP
ERROR - P02A01 no esta en (1,2): name 'P02A01' is not defined. Error de BG
ERROR - P02B01 no esta en (1,2,3,4,99): name 'P02B01' is not defined. Error de AR
ERROR - P04A01A no esta en (1,2): name 'P04A01A' is not defined. Error de BG
ERROR - P04A04A no esta en (1,2): name 'P04A04A' is not defined. Error de BG
ERROR - P04A07 no esta en (1,2,3,4,5,6): name 'P04A07' is not defined. Error de BG
ERROR - P04A07 esta en (1,2,3,4) y P04A09 no esta en (1,2): name 'P04A07' is not defined. Error de BG
ERROR - P04A07 esta en (5,6) y P04A09 esta en (1,2): name 'P04A07' is not defined. Error de BG
ERROR - PPA03 >= 6 y P05C01 está en (1,2) o P05C02 está en (1,2,3,4,5,6,98) o P05C03 está en (1,2) o P05C04 está en (1,2,3,4,98) o P05C05 está en (1,2,3,4,5,6,7,8,9,98) o P05C06 está en (1,2,3,4,5,6,7,8,9,10,11,12,98) o P05C07A no es vacío o P05C07B no es vacío o P05C08A está en (1,2,3,4,5,6,7,8,9,10,11,12,98) o P05C08B está en (1,2,3,4,5,6,7,8,9,10,11,12,98) o P05C09A no es vacío o P05C09B no es vacío o P05C09C no es vacío o P05C09D no es vacío o P05C09E no es vacío o P05C09F no es vacío o P05C09G no es vacío o P05C010 está en (1,2): name 'P05C010' is not defined. Error de VO
ERROR -  P05D08B no es (vacio) & P05D09A es (vacio): name 'P05D08B' is not defined. Error de LA
ERROR -  P05D09A no es (vacio) & P05D09B es (vacio): name 'P05D09A' is not defined. Error de LA
ERROR -  P05D10A no es (vacio) & P05D10B es (vacio): name 'P05D10A' is not defined. Error de LA
ERROR -  P05D10B no es (vacio) & P05D11A es (vacio): name 'P05D10B' is not defined. Error de LA
ERROR -  P05D17B no es (vacio) & P05D18A es (vacio): name 'P05D17B' is not defined. Error de LA
ERROR -  P05D18H no es (vacio) & P05D19 es (vacio): name 'P05D18H' is not defined. Error de LA
ERROR - P06B07A esta en (2,3,4) & P06B07B no esta en (1,2,3,4,5,6,7,8,9,10,11,12,13,14,15,16,17,18,19,20,21,22,23,24,25,26,27, 99): name 'P06B07A' is not defined. Error de KO
ERROR - P06B09 está en (1,2,3,4,5,6,7,98) & P06B11A no está en (1,2,3,4,5,6,7,8,9,10,11,12,98): name 'P06B09' is not defined. Error de KO
ERROR - P06B24 está en (1,2,3,4,5,6,7,8,9,10,11,12,13,14,15,16) & P06B25 está en (1,2,3,4,5,6,7,8,9,10,11,12,13,14,15,16,17,18): name 'P06B24' is not defined. Error de KO
ERROR - P09F02A = 1 y ((P09F02B es (vacio) y P09F02C es vacio) o (P09F02B = 0) y P09F02C = 0)): 'NoneType' object is not subscriptable. Error de DT
ERROR - P09F02A = 2 y (P09F02B > 0 | P09F02C > 0): 'NoneType' object is not subscriptable. Error de DT
ERROR - P10A02 está en (1,2) y P10A03 está en (1,2): name 'P10A02' is not defined. Error de PH
ERROR - P10A03=1 y P10A04 está en (1,2): Python keyword not valid identifier in numexpr query (<unknown>, line 1). Error de PH
ERROR - P10A05=1 y P10A06 está en (1,2): Python keyword not valid identifier in numexpr query (<unknown>, line 1). Error de PH
ERROR - P10A06=1 Y P10A07 no esta en (1, 2, 3, 4, 5, 6, 7, 8, 9, 10, 11, 12, 13, 14, 98): Python keyword not valid identifier in numexpr query (<unknown>, line 1). Error de PH
ERROR - P10A06=2 y P10A07 está en (1,2,3,4,5,6,7,8,9,10,11,12,13,14,98): Python keyword not valid identifier in numexpr query (<unknown>, line 1). Error de PH
ERROR - P10A08=1 y P10A09 está en (1,2,3,4,5,6): Python keyword not valid identifier in numexpr query (<unknown>, line 1). Error de PH
ERROR - P10A08=2 y P10A09 no está en (1,2,3,4,5,6): Python keyword not valid identifier in numexpr query (<unknown>, line 1). Error de PH
ERROR - PPA03 >= 7 Y (P10B01=1 y P10B03 no está en (1,2,3,4,5,6,7,8,9,10,11,12,13)): Python keyword not valid identifier in numexpr query (<unknown>, line 1). Error de MP
ERROR - PPA03 >= 7 Y (P10B01=2 & P10B03 está en (1,2,3,4,5,6,7,8,9,10,11,12,13)): Python keyword not valid identifier in numexpr query (<unknown>, line 1). Error de MP
ERROR - PPA03 >= 7 Y (P10B01=1 & (P10B04<0 o P10B04>97)): Python keyword not valid identifier in numexpr query (<unknown>, line 1). Error de MP
ERROR - PPA03 >= 7 Y (P10B01=2 & (P10B04>0)): Python keyword not valid identifier in numexpr query (<unknown>, line 1). Error de MP
ERROR - P10B01 no está en (1,2) y P10B08 está en (1,2,3,4,5): name 'P10B01' is not defined. Error de MP
ERROR - P10C01 está en (1,2,3) y P10C02 es (vacio): name 'P10C01' is not defined. Error de MC
ERROR - P10C01 está en (1,2,3) y P10C02 es (vacio): name 'P10C01' is not defined. Error de PH
ERROR - P10C01 está en (1,2,3) y P10C03 es (vacio): name 'P10C01' is not defined. Error de PH
ERROR - P10C01 no está en (1,2,3) y P10C03: name 'P10C01' is not defined. Error de PH
ERROR - P10C01 no está en (1,2,3) y P10C05A está en (1,2): name 'P10C01' is not defined. Error de PH
ERROR - P10C01 está en (1,2,3) y P10C06 no está en (1,2,3): name 'P10C01' is not defined. Error de PH
ERROR - P10C01 no está en (1,2,3) y P10C06 está en (1,2,3): name 'P10C01' is not defined. Error de PH
ERROR - P10C01 está en (1,2,3) y P10C07 es (vacio): name 'P10C01' is not defined. Error de PH
ERROR - P10C01 está en (1,2,3) y P10C08A no está en (1,2,3,4): name 'P10C01' is not defined. Error de PH
ERROR - P10C01 no está en (1,2,3) y P10C08A está en (1,2,3,4): name 'P10C01' is not defined. Error de PH
ERROR - P10C01 está en (1,2,3) y P10C09A no está en (1,2): name 'P10C01' is not defined. Error de PH
ERROR - P10C01 no está en (1,2,3) y P10C09A está en (1,2): name 'P10C01' is not defined. Error de PH
ERROR - P10C01 está en (1,2,3) y P10C10 no está en (1,2,3,4,5,6,7,8,9,10,11,12,98): name 'P10C01' is not defined. Error de PH
ERROR - P10C01 no está en (1,2,3) y P10C10 está en (1,2,3,4,5,6,7,8,9,10,11,12,98): name 'P10C01' is not defined. Error de PH
ERROR - P10C01 no está en (1,2,3) y (P10C12A >=0 o P10C12B > =0): Python keyword not valid identifier in numexpr query (<unknown>, line 1). Error de PH
ERROR - P10C01está en (1,2,3) y P10C13 no está en (1,2,3,4,5,6): "P10C01in" is not a supported function. Error de PH
ERROR - P10C01 no está en (1,2,3) y P10C13 está en (1,2,3,4,5,6): name 'P10C01' is not defined. Error de PH
ERROR - P10C01 está en (1,2,3) y P10C14 no está en (1,2,3,4,5,6,7,8,9,10): name 'P10C01' is not defined. Error de PH
ERROR - P10C01 no está en (1,2,3) y P10C14 está en (1,2,3,4,5,6,7,8,9,10): name 'P10C01' is not defined. Error de PH
ERROR - PC10C01>0 y P10C15 no esta en (1, 2, 3, 4, 5, 6, 7, 8, 9, 10, 11, 12, 13,14, 98): 'NoneType' object is not subscriptable. Error de PH
ERROR - P10C01 está en (1,2,3) y P10C16A no está en (1,2): name 'P10C01' is not defined. Error de PH
ERROR - P10C01 no está en (1,2,3) y P10C16A está en (1,2): name 'P10C01' is not defined. Error de PH
ERROR - P10C01 está en (1,2,3) y P10C16B no está en (1,2): name 'P10C01' is not defined. Error de PH
ERROR - P10C01 no está en (1,2,3) y P10C16B está en (1,2): name 'P10C01' is not defined. Error de PH
ERROR - P10C16A ESTÁ EN (1,2,) Y P10C16B no esta en (1, 2): 'ESTA EN'. Error de PH
ERROR - P10C01 está en (1,2,3) y P10C16C no está en (1,2): name 'P10C01' is not defined. Error de PH
ERROR - P10C01 no está en (1,2,3) y P10C16C está en (1,2): name 'P10C01' is not defined. Error de PH
ERROR - P10C16B ESTÁ EN (1,2) Y P10C16C no esta en (1, 2): 'ESTA EN'. Error de PH
ERROR - P10C01 está en (1,2,3) y P10C16D no está en (1,2): name 'P10C01' is not defined. Error de PH
ERROR - P10C01 no está en (1,2,3) y P10C16D está en (1,2): name 'P10C01' is not defined. Error de PH
ERROR - P10C16C ESTÁ EN (1,2) Y P10C16D no esta en (1, 2): 'ESTA EN'. Error de PH
ERROR - P10C01 está en (1,2,3) y P10C16E no está en (1,2): name 'P10C01' is not defined. Error de PH
ERROR - P10C01 no está en (1,2,3) y P10C16E está en (1,2): name 'P10C01' is not defined. Error de PH
ERROR - P10C16D ESTÁ EN (1,2) Y P10C16E no esta en (1, 2): 'ESTA EN'. Error de PH
ERROR - P10C01 no está en (1,2,3) y P10C17G está en (1,2): name 'P10C01' is not defined. Error de PH
ERROR - P10C01 está en (1,2,3) y P10C17A no está en (1,2): name 'P10C01' is not defined. Error de PH
ERROR - P10C01 no está en (1,2,3) y P10C17A está en (1,2): name 'P10C01' is not defined. Error de PH
ERROR - P10C16E ESTÁ EN (1,2) Y P10C17A no esta en (1, 2): 'ESTA EN'. Error de PH
ERROR - P10C01 está en (1,2,3) y P10C17B no está en (1,2): name 'P10C01' is not defined. Error de PH
ERROR - P10C01 no está en (1,2,3) y P10C17B está en (1,2): name 'P10C01' is not defined. Error de PH
ERROR - P10C17A ESTÁ EN (1,2) Y P10C17B no esta en (1, 2): 'ESTA EN'. Error de PH
ERROR - P10C01 está en (1,2,3) y P10C17C no está en (1,2): name 'P10C01' is not defined. Error de PH
ERROR - P10C01 no está en (1,2,3) y P10C17C está en (1,2): name 'P10C01' is not defined. Error de PH
ERROR - P10C17B ESTÁ EN (1,2) Y P10C17C no esta en (1, 2): 'ESTA EN'. Error de PH
ERROR - P10C01 está en (1,2,3) y P10C17D no está en (1,2): name 'P10C01' is not defined. Error de PH
ERROR - P10C01 no está en (1,2,3) y P10C17D está en (1,2): name 'P10C01' is not defined. Error de PH
ERROR - P10C17C ESTÁ EN (1,2) Y P10C17D no esta en (1, 2): 'ESTA EN'. Error de PH
ERROR - P10C01 está en (1,2,3) y P10C17E no está en (1,2): name 'P10C01' is not defined. Error de PH
ERROR - P10C17D ESTÁ EN (1,2) Y P10C17E no esta en (1, 2): 'ESTA EN'. Error de PH
ERROR - P10C01 está en (1,2,3) y P10C17F no está en (1,2): name 'P10C01' is not defined. Error de PH
ERROR - P10C17E ESTÁ EN (1,2) Y P10C17F no esta en (1, 2): 'ESTA EN'. Error de PH
ERROR - P10C01 está en (1,2,3) y P10C17G no está en (1,2): name 'P10C01' is not defined. Error de PH
ERROR - P10C17G ESTÁ EN (1,2) Y P10C18 no esta en (1, 2): 'ESTA EN'. Error de PH
ERROR - P10C18 no está en (1,2) y P10C19 está en (1,2): name 'P10C18' is not defined. Error de PH
ERROR - P10C01 está en (1,2,3) y P10C20 no está en (1,2,3,4,5,6,7,98): name 'P10C01' is not defined. Error de PH
ERROR - P10C01 no está en (1,2,3) y P10C20 está en (1,2,3,4,5,6,7,98): name 'P10C01' is not defined. Error de PH
ERROR - P10C21 está en (1,2,3,4) y P10C22 está en (1,2): name 'P10C21' is not defined. Error de VO
ERROR - P10C01 está en (1,2,3) y P10C21 no está en (1,2,3,4,5,6,7,8,9): name 'P10C01' is not defined. Error de PH
ERROR - P10C21 está en (1,2,3,4,5,6,7,8) y P10C22 está en (1,2): name 'P10C21' is not defined. Error de PH
ERROR - P10C21=9 y P10C22 no esta en (1, 2): Python keyword not valid identifier in numexpr query (<unknown>, line 1). Error de PH
ERROR - P10C21 está en (1,2,3,4) y P10C23 no está en (1,2): name 'P10C21' is not defined. Error de PH
ERROR - PC10C21<5 y P10C22 no es vacio: 'NoneType' object is not subscriptable. Error de PH
ERROR - P10C23=1 y P10C24A no esta en (1, 2): Python keyword not valid identifier in numexpr query (<unknown>, line 1). Error de PH
ERROR - P10C25A = 1 y P10C25B no está (1,2): Python keyword not valid identifier in numexpr query (<unknown>, line 1). Error de VO
ERROR - P10C23 está en (1,2) y P10C25A no está en (1,2,9): name 'P10C23' is not defined. Error de PH
ERROR - P10C21 está en (5,6,7,8) y P10C26A está en (1,2): name 'P10C21' is not defined. Error de PH
ERROR - P10C21 está en (5,6,7,8) y P10C26B está en (1,2): name 'P10C21' is not defined. Error de PH
ERROR - P10C21 está en (5,6,7,8) y P10C26D está en (1,2): name 'P10C21' is not defined. Error de PH
ERROR - P10C21 está en (5,6,7,8) y P10C26G está en (1,2): name 'P10C21' is not defined. Error de PH
ERROR - P10C21 no está en (1,2,3,4) y P10C26I está en (1,2): name 'P10C21' is not defined. Error de PH
ERROR - P10C21 está en (5,6,7,8) y P10C26J está en (1,2): name 'P10C21' is not defined. Error de PH
ERROR - P10C21 ESTÁ EN (5,6,7,8) y P10C27 >= 1: 'ESTA EN'. Error de PH
ERROR - P10C21 ESTÁ EN (5,6,7,8) y P10C29A ESTÁ EN (1,2): 'ESTA EN'. Error de PH
ERROR - P10C21 ESTÁ EN (5,6,7,8) y P10C30A ESTÁ EN (1,2): 'ESTA EN'. Error de PH
ERROR - P10C21 ESTÁ EN (5,6,7,8) y (P10C31A ESTÁ EN (1,2) o P10C31B >= 1): 'ESTA EN'. Error de PH
ERROR - P10C21 está en (1,2,3,4) y P10C33A no está en (1,2): name 'P10C21' is not defined. Error de PH
ERROR - P10C21 ESTÁ EN (5,6,7,8) y (P10C33A está en (1,2) o P10C33B >= 1): 'ESTA EN'. Error de PH
ERROR - P10C21 ESTÁ EN (5,6,7,8) y (P10C34A está en (1,2) o P10C34B >= 1): 'ESTA EN'. Error de PH
ERROR - P10C21 ESTÁ EN (5,6,7,8) y (P10C35A está en (1,2) o P10C35B >= 1): 'ESTA EN'. Error de PH
ERROR - P10C21 ESTÁ EN (5,6,7,8) y (P10C36A está en (1,2) o P10C36B >= 1): 'ESTA EN'. Error de PH
ERROR - P10C21 ESTÁ EN (5,6,7,8) y (P10C37A está en (1,2) o P10C37B >= 1): 'ESTA EN'. Error de PH
ERROR - P10C21 ESTÁ EN (5,6,7,8) y (P10C38A está en (1,2) o P10C38B >= 1): 'ESTA EN'. Error de PH
ERROR - P10C21 ESTÁ EN (5,6,7,8) y (P10C39A está en (1,2) o P10C39B >= 1): 'ESTA EN'. Error de PH
ERROR - P10C21 ESTÁ EN (5,6,7,8) y (P10C40A está en (1,2) o P10C40B >= 1): 'ESTA EN'. Error de PH
ERROR - P10C21 < 4 P10C41 no esta en (1, 2): Python keyword not valid identifier in numexpr query (<unknown>, line 1). Error de PH
ERROR - P10C01 no está en (1,2,3) y P10C46 está en (1,2,3,4,5): name 'P10C01' is not defined. Error de PH
ERROR -  P10C47 no es vacio y P10C48 no es vacio: name 'P10C47' is not defined. Error de PH
ERROR -  (P10C21 esta en (5,6,7,8)) y P10C51A no está en (1): name 'P10C21' is not defined. Error de PH
ERROR - P10C21 está en (1,2,3,4) y P10C51A está en (1,2): name 'P10C21' is not defined. Error de PH
ERROR - P10C01 > 1 y PPA03 >= 7 y P10D17 <> 1 y P10D18A no es (vacio): 'NoneType' object is not subscriptable. Error de DB
ERROR - P10E02 = 1 y (P10E03A es vacío o P10E03B es vacío o P10E03C es vacío ).: Python keyword not valid identifier in numexpr query (<unknown>, line 1). Error de PH
ERROR - P10D01=1 y P10E01B es (vacio): Python keyword not valid identifier in numexpr query (<unknown>, line 1). Error de BG
ERROR - P10E01A es (vacio) y P10E01B no es (vacio): name 'P10E01A' is not defined. Error de BG
ERROR - P10E02=2 y (P10E03A>0 o P10E03B>0 o P10E03C>0): Python keyword not valid identifier in numexpr query (<unknown>, line 1). Error de PH
ERROR - P10E10A = 1 o P10E10B >= 0: '>=' not supported between instances of 'str' and 'int'. Error de PH
ERROR - P10D01=2 y P10E02 >= 1 y P10E10A no esta en (1, 2, 3, 4, 5, 6, 7): Python keyword not valid identifier in numexpr query (<unknown>, line 1). Error de PH
ERROR - PPA03 >= 18 (P10C21 está en (5,6) o P10D07 está en (5,6)) y (P14A01 = 2 o P14A01 es vacío): Only named functions are supported. Error de nan
ERROR - PPA03 >= 18 & (P10C21 está en (7,8) o P10D07 está en (7,8)) y (P16A01 = 2 o P16A01 es vacío): "['FECHA'] not in index". Error de nan
ERROR - P13A04C = 1 & (P13A05 < 1 | P13A05 > 12): "['FECHA'] not in index". Error de EG
ERROR - P13A04C = 2 & P13A06 no es (vacío): "['FECHA'] not in index". Error de LA
ERROR - P13A04C = 1 & P13A07A <> 0 & (P13A07E = 0 | P13A07E es (vacío)): "['FECHA'] not in index". Error de LA
ERROR - P13A04C = 1 & P13A07A <> 0 & P13A07B = "": "['FECHA'] not in index". Error de LA
ERROR - P13A04C = 1 & P13A07A <> 0 & (P13A07C = 0 | P13A07C es (vacío)): "['FECHA'] not in index". Error de LA
ERROR - P13A04C = 1 & P13A07A <> 0 & ((P13A07D = 0 | P13A07D es (vacío): ('EOF in multi-line statement', (2, 0)). Error de LA
ERROR - P13A04C = 2 & P13A08 es (vacío): "['FECHA'] not in index". Error de LA
ERROR - P13A08 = 1 & (P13A09 es (vacío) | P13A10A es (vacío) | P13A11A es (vacío) | P13A12A = es (vacío)| P13A12B = es (vacío)| P13A12C = es (vacío)| P13A12D = es (vacío)| P13A12E = es (vacío) ): Python keyword not valid identifier in numexpr query (<unknown>, line 1). Error de LA
ERROR - P13B07 = 2 & (P13B08 no es (vacio) o P13B08  = 0 ): "['FECHA'] not in index". Error de LA
ERROR - (P10C21 esta en (5,6) o P10D07 esta en (5,6)) y P14A01 es (vacio): name 'P10C21' is not defined. Error de DB
ERROR - P14A01 no esta en (1,2): name 'P14A01' is not defined. Error de DB
ERROR - P14A01 = 1 y P14A02A es (vacio): "['FECHA'] not in index". Error de DB
ERROR - P14A01 = 2 y P14A02A no es (vacio): "['FECHA'] not in index". Error de DB
ERROR - P14A01 = 1 y P14A03A es (vacio): name 'P14A03A' is not defined. Error de DB
ERROR - P14A01 = 2 y P14A03A no es (vacio): name 'P14A03A' is not defined. Error de DB
ERROR - P14A01 = 1 y P14A03A es (vacio) : name 'P14A03A' is not defined. Error de DB
ERROR - P14A01 = 1 y P14A03A es (vacio) y P14A03B no es (vacio): name 'P14A03A' is not defined. Error de DB
ERROR - P14A01 = 1 y P14A04 es (vacio): name 'P14A04' is not defined. Error de DB
ERROR - P14A01 = 2 y P14A04 no es (vacio): name 'P14A04' is not defined. Error de DB
ERROR - P14A01 = 1 y P14A05 es (vacio): name 'P14A05' is not defined. Error de DB
ERROR - P14A01 = 2 y P14A05 no es (vacio): name 'P14A05' is not defined. Error de DB
ERROR - P14A01 = 1 y P14A06 es (vacio): name 'P14A06' is not defined. Error de DB
ERROR - P14A01 = 2 y P14A06 no es (vacio): name 'P14A06' is not defined. Error de DB
ERROR - P14A01 = 1 y P14A06 no esta en (1,2,3,4,5,6): name 'P14A06' is not defined. Error de DB
ERROR - P14A01 = 1 y P14A07A es (vacio): name 'P14A07A' is not defined. Error de DB
ERROR - P14A01 = 2 y P14A07A no es (vacio): name 'P14A07A' is not defined. Error de DB
ERROR - P14A01 = 1 y P14A07A no esta en (1,2,3,4,5,6,7,8,9,98): name 'P14A07A' is not defined. Error de DB
ERROR - P14A01 = 2 y P14A08 no es (vacio): name 'P14A08' is not defined. Error de DB
ERROR - P14A01 = 1 y P14A08 es (vacio): name 'P14A08' is not defined. Error de DB
ERROR - P14A01 = 1 y P14A09 es (vacio): name 'P14A09' is not defined. Error de DB
ERROR - P14A01 = 2 y P14A09 no es (vacio): name 'P14A09' is not defined. Error de DB
ERROR - P14A01 = 1 y P14A10 es (vacio): name 'P14A10' is not defined. Error de DB
ERROR - P14A01 = 2 y P14A10 no es (vacio): name 'P14A10' is not defined. Error de DB
ERROR - P14A01 = 1 y P14A09 = 0 y P14A10 <> 0: "['FECHA'] not in index". Error de DB
ERROR - P14A01 = 1 y P14A09 = 0 y P14A11 es (vacio): "['FECHA'] not in index". Error de DB
ERROR - P14A01 = 1 y P14A11 es (vacio): name 'P14A11' is not defined. Error de DB
ERROR - P14A01 = 2 y P14A11 no es (vacio): name 'P14A11' is not defined. Error de DB
ERROR - P14A01 = 1 y P14A12 es (vacio): name 'P14A12' is not defined. Error de DB
ERROR - P14A01 = 2 y P14A12 no es (vacio): name 'P14A12' is not defined. Error de DB
ERROR - P14A01 = 1 y P14A13 es (vacio): name 'P14A13' is not defined. Error de DB
ERROR - P14A01 = 2 y P14A13 no es (vacio): name 'P14A13' is not defined. Error de DB
ERROR - P14A01 = 1 y P14A14 es (vacio): name 'P14A14' is not defined. Error de DB
ERROR - P14A01 = 2 y P14A14 no es (vacio): name 'P14A14' is not defined. Error de DB
ERROR - P14A01 = 1 y P14A14 no esta en (1,2): name 'P14A14' is not defined. Error de DB
ERROR - P14A01 = 1 y P14A14 = 2 y (P14A15 no es (vacio) y P14A15 <> 0 ): "['FECHA'] not in index". Error de DB
ERROR - P14A01 = 1 y P14A15 es (vacio): name 'P14A15' is not defined. Error de DB
ERROR - P14A01 = 2 y P14A15 no es (vacio): name 'P14A15' is not defined. Error de DB
ERROR - P14A01 = 1 y P14A14 = 2 y P14A16 es (vacio): "['FECHA'] not in index". Error de DB
ERROR - P14A01 = 2 y P14A16 no es (vacio): name 'P14A16' is not defined. Error de DB
ERROR - P14A01 = 1 y (P14A16 <> ((P14A13 + P14A15) - (P14A10 + P14A11 + P14A12)) y P14A16 no es vacio): "['FECHA'] not in index". Error de DB
ERROR - P15A01A = 1 & P15A01B es (vacio): name 'P15A01B' is not defined. Error de LA
ERROR - P15A01A = 2 & ( P15A01B no es (vacio) | P15A01B no es (vacio) | P15A02A no es (vacio) | P15A02B no es (vacio) | P15A03 no es (vacio) | P15A04A no es (vacio) | P15A04B no es (vacio) | P15A05A no es (vacio) | P15A05B no es (vacio) | P15A06 no es (vacio) | P15A07 no es (vacio) | P15A08 no es (vacio) | P15A09 no es (vacio) | P15A10 no es (vacio) | P15A11Z no es (vacio) | P15A12 no es (vacio) | P15A13 no es (vacio) ): name 'P15A01B' is not defined. Error de LA
ERROR - P15A02A = 1 & P15A02B es (vacio): "['FECHA'] not in index". Error de LA
ERROR - P15A02A = 2 & P15A02B: "['FECHA'] not in index". Error de LA
ERROR - (P15A03 = 0 | P15A03 > 5 ): "['FECHA'] not in index". Error de LA
ERROR - (P15A04A = 0 | P15A04A > 7 ): "['FECHA'] not in index". Error de LA
ERROR - P15A04A = 6 & P15A04B es (vacio): "['FECHA'] not in index". Error de LA
ERROR - P15A04A <= 5 & P15A04B: "['FECHA'] not in index". Error de LA
ERROR - (P15A05A = 0 | P15A05A > 7 ): "['FECHA'] not in index". Error de LA
ERROR - P15A05A = 5 & P15A05B es (vacio): "['FECHA'] not in index". Error de LA
ERROR - (P15A05A <= 4 | P15A05A = 6 ) & P15A05B: "['FECHA'] not in index". Error de LA
ERROR - P15A06 = 1 & P15A07 es (vacio): "['FECHA'] not in index". Error de LA
ERROR - P15A06 = 2 & P15A07 no es (vacio): "['FECHA'] not in index". Error de LA
ERROR - P15A06 = 2 & P15A08 es (vacio): "['FECHA'] not in index". Error de LA
ERROR - (P15A07 = 1 | P15A07 = 2) & P15A08 es (vacio): "['FECHA'] not in index". Error de LA
ERROR - (P15A08 = 1 |P15A08 =2) & P15A09 es (vacio): "['FECHA'] not in index". Error de LA
ERROR - (P15A09 = 1 |P15A09 =2) & P15A10 es (vacio): "['FECHA'] not in index". Error de LA
ERROR - (P15A10 = 0 | P15A10 > 5 ): "['FECHA'] not in index". Error de LA
ERROR - P16A01 = 1 & (P16A02 es (vacio)| P16A03 es (vacio) |P16A04 es (vacio) |P16A05 es (vacio) | P16A07 es (vacio) ): name 'P16A03' is not defined. Error de LA
ERROR - P16A01 = 2 & (P16A02 no es (vacio) |P16A03 no es (vacio)|P16A04 no es (vacio) |P16A05 no es (vacio) | P16A06 no es (vacio)|P16A07 no es (vacio) | P16A08 no es (vacio)): name 'P16A03' is not defined. Error de LA
ERROR - P16A05 = 1 & P16A06 es (vacio): "['FECHA'] not in index". Error de LA
ERROR - P16A05 = 2 & P16A06 no es (vacio): "['FECHA'] not in index". Error de LA
ERROR - P16A05 = 2 & P16A07 es (vacio): "['FECHA'] not in index". Error de LA
ERROR - P16A07 = 1 & P16A08 es (vacio): "['FECHA'] not in index". Error de LA
ERROR - P16A07 = 2 & P16A08 no es (vacio): "['FECHA'] not in index". Error de LA
ERROR - P16B02 está en (1,2) & P16B04 es (vacio): name 'P16B02' is not defined. Error de KO
ERROR - P16B02 está en (1,2) & (P16B05A es (vacio) | P16B05C es (vacio)): name 'P16B02' is not defined. Error de KO
ERROR - P16B06A = 0 & P16B07 > 0: "['FECHA'] not in index". Error de KO
ERROR - P16B06A > 0 & P16B07 es (vacio): "['FECHA'] not in index". Error de KO
ERROR - P16B08A = 0 & (P16B08C no es (vacio) | P16B08D > 0)): ('EOF in multi-line statement', (2, 0)). Error de KO
ERROR - P16B09A = 0 & (P16B09C no es (vacio) |  P16B09D > 0)): ('EOF in multi-line statement', (2, 0)). Error de KO
ERROR - P16D01 = 2 &  (P16D02 = no es (vacío) |  P16D03 = no es (vacío) | P16D04 = no es (vacío) | P16D05A = no es (vacío) | P16D05B = no es (vacío) | P16D06A = no es (vacío) | P16D06B = no es (vacío) | P16D06C = no es (vacío) | P16D06D = no es (vacío) | P16D06E = no es (vacío) | P16D07 = no es (vacío) | P16D08 = no es (vacío) ): Python keyword not valid identifier in numexpr query (<unknown>, line 1). Error de LA
ERROR - P16D02 = 1 &  P16D03 es (vacío): "['FECHA'] not in index". Error de LA
ERROR - P16D02 = 2 &  P16D03 no es (vacío): "['FECHA'] not in index". Error de LA
ERROR - P16D05A > 0 & P16D05B es (vacío): "['FECHA'] not in index". Error de LA
ERROR - P16D05A  =  0 &  P16D05B <> 0: "['FECHA'] not in index". Error de LA
ERROR - P16E01A = 1 & P16E02A es (vacío): "['FECHA'] not in index". Error de LA
ERROR - P16E01A = 2 & (P16E02A no es (vacío) |P16E03A no es (vacío) | P16E03B no es (vacío) | P16E04A no es (vacío) | P16E04B no es (vacío) | P16E05A no es (vacío) | P16E05B no es (vacío) | P16E06 no es (vacío) | P16E07 no es (vacío)): "['FECHA'] not in index". Error de LA 
ERROR - P16E03A > 0  & P16E03B es (vacío) : "['FECHA'] not in index". Error de LA
ERROR - P16E03A  = 0  & P16E03B <> 0: "['FECHA'] not in index". Error de LA
ERROR - P16E04A >  0 &  P16E04B es (vacío): "['FECHA'] not in index". Error de LA
ERROR - P16F01 = 2 y P16F02 no es vacio: "['FECHA'] not in index". Error de DB
ERROR - P16F01 = 1 y P16F02 es vacio: "['FECHA'] not in index". Error de DB
ERROR - P16F01 = 2 y P16F03 no es vacio: "['FECHA'] not in index". Error de DB
ERROR - P16F01 = 1 y P16F03 es vacio: "['FECHA'] not in index". Error de DB
ERROR - P16G01 = 2 y P16G02 no es vacio: "['FECHA'] not in index". Error de DB
ERROR - P16G01 = 1 y P16G02 es vacio: "['FECHA'] not in index". Error de DB
ERROR - P16G01 = 2 y P16G03 no es vacio: "['FECHA'] not in index". Error de DB
ERROR - P16G01 = 1 y P16G03 es vacio: "['FECHA'] not in index". Error de DB
ERROR - P16H01 = 2 y P16H02 no es vacio: "['FECHA'] not in index". Error de DB
ERROR - P16H01 = 1 y P16H02 es vacio: "['FECHA'] not in index". Error de DB
ERROR - P16H01 = 2 y P16H03 no es vacio: "['FECHA'] not in index". Error de DB
ERROR - P16H01 = 1 y P16H03 es vacio: "['FECHA'] not in index". Error de DB
ERROR - P16I01 = 2 y P16I02 no es vacío: "['FECHA'] not in index". Error de DB
ERROR - P16I01 = 1 y P16I02 es vacío: "['FECHA'] not in index". Error de DB
ERROR - P16I01 = 1 y P16I03 es vacío: "['FECHA'] not in index". Error de DB
ERROR - P16J02B no es (vacio) & P16J03 es (vacio): name 'P16J02B' is not defined. Error de KO
ERROR - P16J04A > 0 & P16J04B es (vacío): "['FECHA'] not in index". Error de KO
ERROR - P16J04A = 0 & P16J04B > 0: "['FECHA'] not in index". Error de KO
ERROR - P17A01 = 1 & (P17A02A  no es (vacío) |  P17A02B no es (vacío)): "['FECHA'] not in index". Error de LA
ERROR - P17A01 = 1 & P17A03 es (vacío): "['FECHA'] not in index". Error de LA
ERROR - P17A01 = 2 & P17A02A es (vacío): "['FECHA'] not in index". Error de LA
ERROR - P17A02A <= 4 & P17A02B: "['FECHA'] not in index". Error de LA
ERROR - P17A02A <= 4 & P17A05 es (vacío): "['FECHA'] not in index". Error de LA
ERROR - P17A02A = 98 & P17A02B es (vacío): "['FECHA'] not in index". Error de LA
ERROR - P17A03 = 1 & ( P17A04A  no es (vacío) | P17A04B no es (vacío)): "['FECHA'] not in index". Error de LA
ERROR - P17A03 = 1 & P17A05 es (vacío): "['FECHA'] not in index". Error de LA
ERROR - P17A04A <= 3 &  P17A04B no es (vacío): "['FECHA'] not in index". Error de LA
ERROR - P17A04A = 98 &  P17A04B es (vacío): "['FECHA'] not in index". Error de LA
ERROR - (P17A04A <= 3 | P17A04A = 98 ) & P17A05 es (vacío): "['FECHA'] not in index". Error de LA
ERROR - P17A05 = 1 & P17A06 es (vacío): "['FECHA'] not in index". Error de LA 
ERROR - P17A05 = 2 & (p17A06 no es (vacío)  | P17A06B no es (vacío) |   P17A07 no es (vacío)  | P17A08 no es (vacío)  | P17A09A no es (vacío) |  P17A09B no es (vacío) |  P17A10A no es (vacío) |  P17A10B no es (vacío) |  P17A11A no es (vacío) |  P17A11B no es (vacío) |  P17A12A no es (vacío) |  P17A12B no es (vacío) |  P17A13A no es (vacío) |  P17A13B no es (vacío) |  P17A14A no es (vacío) |  P17A14B no es (vacío) |  P17A14C no es (vacío) |  P17A15A no es (vacío) |  P17A15B no es (vacío) |  P17A16  no es (vacío) | P17A17A no es (vacío) |  P17A17B no es (vacío) |  P17A18  no es (vacío) | P17A19A no es (vacío) |  P17A19B no es (vacío) |  P17A19C no es (vacío) | ): Python keyword not valid identifier in numexpr query (<unknown>, line 1). Error de LA
ERROR - P17A07 no es (vacío)  &  P17A08 es (vacío) : name 'P17A07' is not defined. Error de LA
ERROR - P17A08 no es (vacío)   &   P17A09A es (vacío) : name 'P17A08' is not defined. Error de LA
ERROR - P17A09A <= 6 & P17A09B no es (vacío) : "['FECHA'] not in index". Error de LA
ERROR - P17A09A = 98 & P17A09B es (vacío) : "['FECHA'] not in index". Error de LA
ERROR - (P17A09A  <= 6  |P17A09A = 98 ) & P17A10A  es (vacío) : "['FECHA'] not in index". Error de LA
ERROR - P17A10A no es (vacío) & P17A10B es (vacío): name 'P17A10A' is not defined. Error de LA
ERROR - P17A10A <= 5 & P17A11A es (vacío): "['FECHA'] not in index". Error de LA
ERROR - P17A11A <= 6 & P17A11B no es (vacío): "['FECHA'] not in index". Error de LA
ERROR - P17A11A = 98 & P17A11B es (vacío): "['FECHA'] not in index". Error de LA
ERROR - (P17A11A <= 6 | P17A11A = 98 ) & P17A12A es (vacío): "['FECHA'] not in index". Error de LA
ERROR - P17A12A <= 5 & P17A12B no es (vacío) : "['FECHA'] not in index". Error de LA
ERROR - P17A12A = 98 & P17A12B es (vacío) : "['FECHA'] not in index". Error de LA
ERROR - (P17A12A <= 5 |P17A12A = 98 ) & P17A13A es (vacío) : "['FECHA'] not in index". Error de LA
ERROR - P17A14B = 98 & P17A14C es (vacío): "['FECHA'] not in index". Error de LA
ERROR - ( P17A14B <=7 |P17A14B = 99)  & P17A14C no es (vacío): "['FECHA'] not in index". Error de LA
ERROR - P17A15A = 1 & P17A15B es (vacío): "['FECHA'] not in index". Error de LA
ERROR - P17A15A = 2 & P17A15B no es (vacío): "['FECHA'] not in index". Error de LA
ERROR - P17A15A no es (vacío) &  P17A16 es (vacío): name 'P17A15A' is not defined. Error de LA
ERROR - (P17A16 =1| P17A16 = 2 )   &  P17A17A es (vacío): "['FECHA'] not in index". Error de LA
ERROR - P17A17A <= 7 & P17A17B no es (vacío): "['FECHA'] not in index". Error de LA
ERROR - P17A17A = 98 & P17A17B es (vacío): "['FECHA'] not in index". Error de LA
ERROR - PPD06 es (vacio): name 'PPD06' is not defined. Error de LG
ERROR - PPD06 = 0: "['FECHA'] not in index". Error de LG
ERROR - (PPD06 > 25 y PPD06 < 98) o PPD06 > 98: "['FECHA'] not in index". Error de LG
ERROR - PPD07 es (vacio): name 'PPD07' is not defined. Error de LG
ERROR - PPD07 = 0: "['FECHA'] not in index". Error de LG
ERROR - (PPD07 > 25 y PPD07 < 98) o PPD07 > 98: "['FECHA'] not in index". Error de LG
ERROR - PPD08 es (vacio): name 'PPD08' is not defined. Error de LG
ERROR - PPD08 = 0: "['FECHA'] not in index". Error de LG
ERROR - PPD08 > 2: "['FECHA'] not in index". Error de LG
ERROR - CP no es vacio y PPA02 no esta en (1,2): name 'PPA02' is not defined. Error de CP
ERROR - CP no es vacio y PPA06 no esta en (1,2): name 'PPA06' is not defined. Error de CP
ERROR - nan: expected string or bytes-like object, got 'float'. Error de nan
ERROR - nan: expected string or bytes-like object, got 'float'. Error de nan
ERROR - CP no es vacio y PPA10 no esta en (1,2,3,4): name 'PPA10' is not defined. Error de CP
ERROR - P13A04C = 1 & P13A05 es (vacío): "['FECHA'] not in index". Error de LA
ERROR - P13A04C = 2 & P13A05 no es (vacío): "['FECHA'] not in index". Error de LA
ERROR - P13A04C = 1 & P13A06 es (vacío): "['FECHA'] not in index". Error de LA
ERROR - P13A04C = 2 & P13A06 no es (vacío): "['FECHA'] not in index". Error de LA
ERROR - P13A04C = 1 & P13A07A <> 0 & (P13A07E = 0 | P13A07E es (vacío)): "['FECHA'] not in index". Error de LA
ERROR - P13A04C = 1 & P13A07A <> 0 & P13A07B = "": "['FECHA'] not in index". Error de LA
ERROR - P13A04C = 1 & P13A07A <> 0 & (P13A07C = 0 | P13A07C es (vacío)): "['FECHA'] not in index". Error de LA
ERROR - P13A04C = 1 & P13A07A <> 0 & ((P13A07D = 0 | P13A07D es (vacío)): ('EOF in multi-line statement', (2, 0)). Error de LA
ERROR - p13a04C = 2 & p13A08 es (vacío): name 'p13a04C' is not defined. Error de LA
ERROR - P13A08 = 1 & (P13A09 es (vacío) | P13A10A es (vacío) | P13A11A es (vacío) | P13A12A es (vacío)| P13A12B es (vacío)| P13A12C es (vacío)| P13A12D es (vacío)| P13A12E es (vacío)): "['FECHA'] not in index". Error de LA
ERROR - P13A08 = 2 & ( P13A09 no es (vacío) | P13A10A no es (vacío) | P13A10B no es (vacío) | P13A10C no es (vacío) | P13A10C2 no es (vacío) | P13A10D no es (vacío) | P13A10E no es (vacío) | P13A11A no es (vacío) | P13A11B no es (vacío) | P13A11C  no es (vacío) | P13A11C2 no es (vacío) | P13A11D no es (vacío) | P13A11E no es (vacío) | P13A12A no es (vacío) | P13A12B no es (vacío) | P13A12C no es (vacío) | P13A12D no es (vacío) | P13A12E no es (vacío) ): "['FECHA'] not in index". Error de LA
ERROR - Error general: name 'P14A04' is not defined
