INFO - Log de condiciones convertidas a formato pandas
INFO - Inicio del proceso de exportación de inconsistencias
INFO - Se encontraron 10 condiciones.
ERROR -  P03A01A = 2 Y (P03A02 no es vacio O P03A03A no es vacio O P03A03B no es vacio O P03A04 no es vacio O P03A05 no es vacio O P03A05A no es vacio O P03A06 no es vacio) .: 'NoneType' object is not subscriptable.
ERROR - Error general: Can only use .str accessor with string values!
ERROR - Error general: Can only use .str accessor with string values!
DEBUG - Generated new state LupPbW2uK48etLLfR9SQJvvMwBckza.
INFO - "GET /?state=LupPbW2uK48etLLfR9SQJvvMwBckza&code=4/0AfJohXlLpBOSs7PICer6e3ni7T4cYRAWjubwESUhoonISJFNXp8XlMh9-LG4fctiu_KqUQ&scope=https://www.googleapis.com/auth/drive HTTP/1.1" 200 65
DEBUG - Encoding `client_id` "739655388044-9qdarqeuerp3ffimkljjeh7lfa59ajbk.apps.googleusercontent.com" with `client_secret` as Basic auth credentials.
DEBUG - Requesting url https://oauth2.googleapis.com/token using method POST.
DEBUG - Supplying headers {'Accept': 'application/json', 'Content-Type': 'application/x-www-form-urlencoded;charset=UTF-8'} and data {'grant_type': 'authorization_code', 'code': '4/0AfJohXlLpBOSs7PICer6e3ni7T4cYRAWjubwESUhoonISJFNXp8XlMh9-LG4fctiu_KqUQ', 'redirect_uri': 'http://localhost:60586/'}
DEBUG - Passing through key word arguments {'timeout': None, 'auth': <requests.auth.HTTPBasicAuth object at 0x0000025A1BCC5010>, 'verify': True, 'proxies': None, 'cert': None}.
DEBUG - Starting new HTTPS connection (1): oauth2.googleapis.com:443
DEBUG - https://oauth2.googleapis.com:443 "POST /token HTTP/1.1" 200 None
DEBUG - Request to fetch token completed with status 200.
DEBUG - Request url was https://oauth2.googleapis.com/token
DEBUG - Request headers were {'User-Agent': 'python-requests/2.31.0', 'Accept-Encoding': 'gzip, deflate', 'Accept': 'application/json', 'Connection': 'keep-alive', 'Content-Type': 'application/x-www-form-urlencoded;charset=UTF-8', 'Content-Length': '157', 'Authorization': 'Basic NzM5NjU1Mzg4MDQ0LTlxZGFycWV1ZXJwM2ZmaW1rbGpqZWg3bGZhNTlhamJrLmFwcHMuZ29vZ2xldXNlcmNvbnRlbnQuY29tOkdPQ1NQWC1yemdKVWdpUDZnVmdtSnl3RUVwbExraUxtNG9v'}
DEBUG - Request body was grant_type=authorization_code&code=4%2F0AfJohXlLpBOSs7PICer6e3ni7T4cYRAWjubwESUhoonISJFNXp8XlMh9-LG4fctiu_KqUQ&redirect_uri=http%3A%2F%2Flocalhost%3A60586%2F
DEBUG - Response headers were {'Cache-Control': 'no-cache, no-store, max-age=0, must-revalidate', 'Expires': 'Mon, 01 Jan 1990 00:00:00 GMT', 'Date': 'Thu, 28 Sep 2023 20:51:04 GMT', 'Pragma': 'no-cache', 'Content-Type': 'application/json; charset=utf-8', 'Vary': 'Origin, X-Origin, Referer', 'Content-Encoding': 'gzip', 'Server': 'scaffolding on HTTPServer2', 'X-XSS-Protection': '0', 'X-Frame-Options': 'SAMEORIGIN', 'X-Content-Type-Options': 'nosniff', 'Alt-Svc': 'h3=":443"; ma=2592000,h3-29=":443"; ma=2592000', 'Transfer-Encoding': 'chunked'} and content {
  "access_token": "ya29.a0AfB_byAAeVEG-Hd5BcNVI-J1yo6jU_bBvEGd6zHNQhaNj2QIROsSpFLtNTvVQGf2NH-Wd4k6ClUw6QSUQbpPK-KPP2JDAQ-0QumEkiMV-G00enwzR4FPslpKng-54UJMX2DFdFjA-00BWJ3wFhO4hqB1ILfb2Qd1-zZ4aCgYKASYSARISFQGOcNnChSLoQtXg3tPjvxhKqA5n1w0171",
  "expires_in": 3599,
  "refresh_token": "1//05FKii_sX5HHjCgYIARAAGAUSNwF-L9IrJ757jfUtu2SymzGjcyVXeQ1EF4R_z9snnY2gMEbqQXjGMS2uy3CGvY4M8TtVHoKOHiQ",
  "scope": "https://www.googleapis.com/auth/drive",
  "token_type": "Bearer"
}.
DEBUG - Invoking 0 token response hooks.
DEBUG - Obtained token {'access_token': 'ya29.a0AfB_byAAeVEG-Hd5BcNVI-J1yo6jU_bBvEGd6zHNQhaNj2QIROsSpFLtNTvVQGf2NH-Wd4k6ClUw6QSUQbpPK-KPP2JDAQ-0QumEkiMV-G00enwzR4FPslpKng-54UJMX2DFdFjA-00BWJ3wFhO4hqB1ILfb2Qd1-zZ4aCgYKASYSARISFQGOcNnChSLoQtXg3tPjvxhKqA5n1w0171', 'expires_in': 3599, 'refresh_token': '1//05FKii_sX5HHjCgYIARAAGAUSNwF-L9IrJ757jfUtu2SymzGjcyVXeQ1EF4R_z9snnY2gMEbqQXjGMS2uy3CGvY4M8TtVHoKOHiQ', 'scope': ['https://www.googleapis.com/auth/drive'], 'token_type': 'Bearer', 'expires_at': 1695938032.6798058}.
INFO - file_cache is only supported with oauth2client<4.0.0
DEBUG - URL being requested: POST https://www.googleapis.com/upload/drive/v3/files?alt=json&uploadType=multipart
DEBUG - URL being requested: POST https://www.googleapis.com/upload/drive/v3/files?alt=json&uploadType=multipart
DEBUG - URL being requested: POST https://www.googleapis.com/upload/drive/v3/files?alt=json&uploadType=multipart
DEBUG - URL being requested: POST https://www.googleapis.com/upload/drive/v3/files?alt=json&uploadType=multipart
DEBUG - URL being requested: POST https://www.googleapis.com/upload/drive/v3/files?alt=json&uploadType=multipart
DEBUG - URL being requested: POST https://www.googleapis.com/upload/drive/v3/files?alt=json&uploadType=multipart
DEBUG - URL being requested: POST https://www.googleapis.com/upload/drive/v3/files?alt=json&uploadType=multipart
DEBUG - URL being requested: POST https://www.googleapis.com/upload/drive/v3/files?alt=json&uploadType=multipart
DEBUG - URL being requested: POST https://www.googleapis.com/upload/drive/v3/files?alt=json&uploadType=multipart
DEBUG - URL being requested: POST https://www.googleapis.com/upload/drive/v3/files?alt=json&uploadType=multipart
DEBUG - URL being requested: POST https://www.googleapis.com/upload/drive/v3/files?alt=json&uploadType=multipart
DEBUG - URL being requested: POST https://www.googleapis.com/upload/drive/v3/files?alt=json&uploadType=multipart
DEBUG - URL being requested: POST https://www.googleapis.com/upload/drive/v3/files?alt=json&uploadType=multipart
DEBUG - URL being requested: POST https://www.googleapis.com/upload/drive/v3/files?alt=json&uploadType=multipart
DEBUG - URL being requested: POST https://www.googleapis.com/upload/drive/v3/files?alt=json&uploadType=multipart
DEBUG - URL being requested: POST https://www.googleapis.com/upload/drive/v3/files?alt=json&uploadType=multipart
DEBUG - URL being requested: POST https://www.googleapis.com/upload/drive/v3/files?alt=json&uploadType=multipart
DEBUG - URL being requested: POST https://www.googleapis.com/upload/drive/v3/files?alt=json&uploadType=multipart
DEBUG - URL being requested: POST https://www.googleapis.com/upload/drive/v3/files?alt=json&uploadType=multipart
DEBUG - URL being requested: POST https://www.googleapis.com/upload/drive/v3/files?alt=json&uploadType=multipart
DEBUG - URL being requested: POST https://www.googleapis.com/upload/drive/v3/files?alt=json&uploadType=multipart
DEBUG - URL being requested: POST https://www.googleapis.com/upload/drive/v3/files?alt=json&uploadType=multipart
DEBUG - URL being requested: POST https://www.googleapis.com/upload/drive/v3/files?alt=json&uploadType=multipart
DEBUG - URL being requested: POST https://www.googleapis.com/upload/drive/v3/files?alt=json&uploadType=multipart
DEBUG - URL being requested: POST https://www.googleapis.com/upload/drive/v3/files?alt=json&uploadType=multipart
DEBUG - URL being requested: POST https://www.googleapis.com/upload/drive/v3/files?alt=json&uploadType=multipart
DEBUG - URL being requested: POST https://www.googleapis.com/upload/drive/v3/files?alt=json&uploadType=multipart
DEBUG - URL being requested: POST https://www.googleapis.com/upload/drive/v3/files?alt=json&uploadType=multipart
DEBUG - URL being requested: POST https://www.googleapis.com/upload/drive/v3/files?alt=json&uploadType=multipart
DEBUG - URL being requested: POST https://www.googleapis.com/upload/drive/v3/files?alt=json&uploadType=multipart
DEBUG - URL being requested: POST https://www.googleapis.com/upload/drive/v3/files?alt=json&uploadType=multipart
DEBUG - URL being requested: POST https://www.googleapis.com/upload/drive/v3/files?alt=json&uploadType=multipart
DEBUG - URL being requested: POST https://www.googleapis.com/upload/drive/v3/files?alt=json&uploadType=multipart
DEBUG - URL being requested: POST https://www.googleapis.com/upload/drive/v3/files?alt=json&uploadType=multipart
DEBUG - URL being requested: POST https://www.googleapis.com/upload/drive/v3/files?alt=json&uploadType=multipart
DEBUG - URL being requested: POST https://www.googleapis.com/upload/drive/v3/files?alt=json&uploadType=multipart
DEBUG - URL being requested: POST https://www.googleapis.com/upload/drive/v3/files?alt=json&uploadType=multipart
DEBUG - URL being requested: POST https://www.googleapis.com/upload/drive/v3/files?alt=json&uploadType=multipart
DEBUG - Generated new state 6f90m6s2eQ9UQNy2jsV8oLHkcWtfXG.
INFO - "GET /?state=6f90m6s2eQ9UQNy2jsV8oLHkcWtfXG&code=4/0AfJohXnhNlMdIzgDaBnT5vAdxHiSLzB4N2ry0GnCdGWLBWvS1eh2rzYVJeaRFliF0cnUng&scope=https://www.googleapis.com/auth/drive HTTP/1.1" 200 65
DEBUG - Encoding `client_id` "739655388044-9qdarqeuerp3ffimkljjeh7lfa59ajbk.apps.googleusercontent.com" with `client_secret` as Basic auth credentials.
DEBUG - Requesting url https://oauth2.googleapis.com/token using method POST.
DEBUG - Supplying headers {'Accept': 'application/json', 'Content-Type': 'application/x-www-form-urlencoded;charset=UTF-8'} and data {'grant_type': 'authorization_code', 'code': '4/0AfJohXnhNlMdIzgDaBnT5vAdxHiSLzB4N2ry0GnCdGWLBWvS1eh2rzYVJeaRFliF0cnUng', 'redirect_uri': 'http://localhost:61256/'}
DEBUG - Passing through key word arguments {'timeout': None, 'auth': <requests.auth.HTTPBasicAuth object at 0x0000025A710BA110>, 'verify': True, 'proxies': None, 'cert': None}.
DEBUG - Starting new HTTPS connection (1): oauth2.googleapis.com:443
DEBUG - https://oauth2.googleapis.com:443 "POST /token HTTP/1.1" 200 None
DEBUG - Request to fetch token completed with status 200.
DEBUG - Request url was https://oauth2.googleapis.com/token
DEBUG - Request headers were {'User-Agent': 'python-requests/2.31.0', 'Accept-Encoding': 'gzip, deflate', 'Accept': 'application/json', 'Connection': 'keep-alive', 'Content-Type': 'application/x-www-form-urlencoded;charset=UTF-8', 'Content-Length': '157', 'Authorization': 'Basic NzM5NjU1Mzg4MDQ0LTlxZGFycWV1ZXJwM2ZmaW1rbGpqZWg3bGZhNTlhamJrLmFwcHMuZ29vZ2xldXNlcmNvbnRlbnQuY29tOkdPQ1NQWC1yemdKVWdpUDZnVmdtSnl3RUVwbExraUxtNG9v'}
DEBUG - Request body was grant_type=authorization_code&code=4%2F0AfJohXnhNlMdIzgDaBnT5vAdxHiSLzB4N2ry0GnCdGWLBWvS1eh2rzYVJeaRFliF0cnUng&redirect_uri=http%3A%2F%2Flocalhost%3A61256%2F
DEBUG - Response headers were {'Cache-Control': 'no-cache, no-store, max-age=0, must-revalidate', 'Pragma': 'no-cache', 'Date': 'Fri, 29 Sep 2023 14:33:50 GMT', 'Expires': 'Mon, 01 Jan 1990 00:00:00 GMT', 'Content-Type': 'application/json; charset=utf-8', 'Vary': 'Origin, X-Origin, Referer', 'Content-Encoding': 'gzip', 'Server': 'scaffolding on HTTPServer2', 'X-XSS-Protection': '0', 'X-Frame-Options': 'SAMEORIGIN', 'X-Content-Type-Options': 'nosniff', 'Alt-Svc': 'h3=":443"; ma=2592000,h3-29=":443"; ma=2592000', 'Transfer-Encoding': 'chunked'} and content {
  "access_token": "ya29.a0AfB_byDLS0AAViGAHWkaPqajEa8Fycpv5UCdMIyHsmRuUz_7C2d5JLkOj0EHAqcWdmKNr6m7FwqMefa7FTqkPZpsaIVaL0ugREXQnxAfEUCwd0jWbghtsun23M-J_5Xgk9z4fAf02JCmyOMVkaAYzrXfM78NmROCvqj3aCgYKAXYSARISFQGOcNnCz57BrG_Kn2b626SKv3ARVw0171",
  "expires_in": 3599,
  "refresh_token": "1//05jq_m6vCdAfECgYIARAAGAUSNwF-L9IrmHO-N0_SPBombRfqi4wkri-xLn-wLazWKavljyT8qtf6sTBlMGNl-qXr0nJfzBLPL-E",
  "scope": "https://www.googleapis.com/auth/drive",
  "token_type": "Bearer"
}.
DEBUG - Invoking 0 token response hooks.
DEBUG - Obtained token {'access_token': 'ya29.a0AfB_byDLS0AAViGAHWkaPqajEa8Fycpv5UCdMIyHsmRuUz_7C2d5JLkOj0EHAqcWdmKNr6m7FwqMefa7FTqkPZpsaIVaL0ugREXQnxAfEUCwd0jWbghtsun23M-J_5Xgk9z4fAf02JCmyOMVkaAYzrXfM78NmROCvqj3aCgYKAXYSARISFQGOcNnCz57BrG_Kn2b626SKv3ARVw0171', 'expires_in': 3599, 'refresh_token': '1//05jq_m6vCdAfECgYIARAAGAUSNwF-L9IrmHO-N0_SPBombRfqi4wkri-xLn-wLazWKavljyT8qtf6sTBlMGNl-qXr0nJfzBLPL-E', 'scope': ['https://www.googleapis.com/auth/drive'], 'token_type': 'Bearer', 'expires_at': 1696001798.8433661}.
INFO - file_cache is only supported with oauth2client<4.0.0
DEBUG - URL being requested: POST https://www.googleapis.com/upload/drive/v3/files?alt=json&uploadType=multipart
DEBUG - URL being requested: POST https://www.googleapis.com/upload/drive/v3/files?alt=json&uploadType=multipart
DEBUG - URL being requested: POST https://www.googleapis.com/upload/drive/v3/files?alt=json&uploadType=multipart
DEBUG - URL being requested: POST https://www.googleapis.com/upload/drive/v3/files?alt=json&uploadType=multipart
DEBUG - URL being requested: POST https://www.googleapis.com/upload/drive/v3/files?alt=json&uploadType=multipart
DEBUG - URL being requested: POST https://www.googleapis.com/upload/drive/v3/files?alt=json&uploadType=multipart
DEBUG - URL being requested: POST https://www.googleapis.com/upload/drive/v3/files?alt=json&uploadType=multipart
DEBUG - URL being requested: POST https://www.googleapis.com/upload/drive/v3/files?alt=json&uploadType=multipart
DEBUG - URL being requested: POST https://www.googleapis.com/upload/drive/v3/files?alt=json&uploadType=multipart
DEBUG - URL being requested: POST https://www.googleapis.com/upload/drive/v3/files?alt=json&uploadType=multipart
DEBUG - URL being requested: POST https://www.googleapis.com/upload/drive/v3/files?alt=json&uploadType=multipart
DEBUG - URL being requested: POST https://www.googleapis.com/upload/drive/v3/files?alt=json&uploadType=multipart
DEBUG - URL being requested: POST https://www.googleapis.com/upload/drive/v3/files?alt=json&uploadType=multipart
DEBUG - URL being requested: POST https://www.googleapis.com/upload/drive/v3/files?alt=json&uploadType=multipart
DEBUG - URL being requested: POST https://www.googleapis.com/upload/drive/v3/files?alt=json&uploadType=multipart
DEBUG - URL being requested: POST https://www.googleapis.com/upload/drive/v3/files?alt=json&uploadType=multipart
DEBUG - URL being requested: POST https://www.googleapis.com/upload/drive/v3/files?alt=json&uploadType=multipart
DEBUG - URL being requested: POST https://www.googleapis.com/upload/drive/v3/files?alt=json&uploadType=multipart
DEBUG - URL being requested: POST https://www.googleapis.com/upload/drive/v3/files?alt=json&uploadType=multipart
DEBUG - URL being requested: POST https://www.googleapis.com/upload/drive/v3/files?alt=json&uploadType=multipart
DEBUG - URL being requested: POST https://www.googleapis.com/upload/drive/v3/files?alt=json&uploadType=multipart
DEBUG - URL being requested: POST https://www.googleapis.com/upload/drive/v3/files?alt=json&uploadType=multipart
DEBUG - URL being requested: POST https://www.googleapis.com/upload/drive/v3/files?alt=json&uploadType=multipart
DEBUG - URL being requested: POST https://www.googleapis.com/upload/drive/v3/files?alt=json&uploadType=multipart
DEBUG - URL being requested: POST https://www.googleapis.com/upload/drive/v3/files?alt=json&uploadType=multipart
DEBUG - URL being requested: POST https://www.googleapis.com/upload/drive/v3/files?alt=json&uploadType=multipart
DEBUG - URL being requested: POST https://www.googleapis.com/upload/drive/v3/files?alt=json&uploadType=multipart
DEBUG - URL being requested: POST https://www.googleapis.com/upload/drive/v3/files?alt=json&uploadType=multipart
DEBUG - URL being requested: POST https://www.googleapis.com/upload/drive/v3/files?alt=json&uploadType=multipart
DEBUG - URL being requested: POST https://www.googleapis.com/upload/drive/v3/files?alt=json&uploadType=multipart
DEBUG - URL being requested: POST https://www.googleapis.com/upload/drive/v3/files?alt=json&uploadType=multipart
DEBUG - URL being requested: POST https://www.googleapis.com/upload/drive/v3/files?alt=json&uploadType=multipart
DEBUG - URL being requested: POST https://www.googleapis.com/upload/drive/v3/files?alt=json&uploadType=multipart
DEBUG - URL being requested: POST https://www.googleapis.com/upload/drive/v3/files?alt=json&uploadType=multipart
DEBUG - URL being requested: POST https://www.googleapis.com/upload/drive/v3/files?alt=json&uploadType=multipart
DEBUG - URL being requested: POST https://www.googleapis.com/upload/drive/v3/files?alt=json&uploadType=multipart
DEBUG - URL being requested: POST https://www.googleapis.com/upload/drive/v3/files?alt=json&uploadType=multipart
